[10-12-2018 05:15:23] PayPal\Core\PayPalHttpConnection: INFO	: POST https://api.sandbox.paypal.com/v1/oauth2/token
[10-12-2018 05:15:25] PayPal\Core\PayPalHttpConnection: INFO	: Response Status 	: 200
[10-12-2018 05:15:25] PayPal\Core\PayPalHttpConnection: INFO	: POST https://api.sandbox.paypal.com/v1/payments/payment
[10-12-2018 05:15:26] PayPal\Core\PayPalHttpConnection: INFO	: Response Status 	: 201
[10-12-2018 05:18:27] PayPal\Core\PayPalHttpConnection: INFO	: POST https://api.sandbox.paypal.com/v1/oauth2/token
[10-12-2018 05:18:28] PayPal\Core\PayPalHttpConnection: INFO	: Response Status 	: 200
[10-12-2018 05:18:28] PayPal\Core\PayPalHttpConnection: INFO	: GET https://api.sandbox.paypal.com/v1/payments/payment/PAY-5C178506KF504282GLQHJ6MA
[10-12-2018 05:18:30] PayPal\Core\PayPalHttpConnection: INFO	: Response Status 	: 200
[10-12-2018 05:18:30] PayPal\Core\PayPalHttpConnection: INFO	: POST https://api.sandbox.paypal.com/v1/payments/payment/PAY-5C178506KF504282GLQHJ6MA/execute
[10-12-2018 05:18:33] PayPal\Core\PayPalHttpConnection: INFO	: Response Status 	: 200
[10-12-2018 05:18:44] PayPal\Core\PayPalHttpConnection: INFO	: POST https://api.sandbox.paypal.com/v1/oauth2/token
[10-12-2018 05:18:45] PayPal\Core\PayPalHttpConnection: INFO	: Response Status 	: 200
[10-12-2018 05:18:45] PayPal\Core\PayPalHttpConnection: INFO	: GET https://api.sandbox.paypal.com/v1/payments/payment/PAY-5C178506KF504282GLQHJ6MA
[10-12-2018 05:18:47] PayPal\Core\PayPalHttpConnection: INFO	: Response Status 	: 200
[10-12-2018 05:18:47] PayPal\Core\PayPalHttpConnection: INFO	: POST https://api.sandbox.paypal.com/v1/payments/payment/PAY-5C178506KF504282GLQHJ6MA/execute
[10-12-2018 05:18:49] PayPal\Core\PayPalHttpConnection: INFO	: Response Status 	: 400
[10-12-2018 05:18:49] PayPal\Core\PayPalHttpConnection: ERROR	: Got Http response code 400 when accessing https://api.sandbox.paypal.com/v1/payments/payment/PAY-5C178506KF504282GLQHJ6MA/execute. {"name":"PAYMENT_ALREADY_DONE","message":"Payment has been done already for this cart.","information_link":"https://developer.paypal.com/docs/api/payments/#errors","debug_id":"f508c68c3f885"}
[10-12-2018 05:19:43] PayPal\Core\PayPalHttpConnection: INFO	: POST https://api.sandbox.paypal.com/v1/oauth2/token
[10-12-2018 05:19:44] PayPal\Core\PayPalHttpConnection: INFO	: Response Status 	: 200
[10-12-2018 05:19:44] PayPal\Core\PayPalHttpConnection: INFO	: GET https://api.sandbox.paypal.com/v1/payments/payment/PAY-5C178506KF504282GLQHJ6MA
[10-12-2018 05:19:46] PayPal\Core\PayPalHttpConnection: INFO	: Response Status 	: 200
[10-12-2018 05:19:46] PayPal\Core\PayPalHttpConnection: INFO	: POST https://api.sandbox.paypal.com/v1/payments/payment/PAY-5C178506KF504282GLQHJ6MA/execute
[10-12-2018 05:19:48] PayPal\Core\PayPalHttpConnection: INFO	: Response Status 	: 400
[10-12-2018 05:19:48] PayPal\Core\PayPalHttpConnection: ERROR	: Got Http response code 400 when accessing https://api.sandbox.paypal.com/v1/payments/payment/PAY-5C178506KF504282GLQHJ6MA/execute. {"name":"PAYMENT_ALREADY_DONE","message":"Payment has been done already for this cart.","information_link":"https://developer.paypal.com/docs/api/payments/#errors","debug_id":"4f032164c4c8d"}
[10-12-2018 05:21:42] PayPal\Core\PayPalHttpConnection: INFO	: POST https://api.sandbox.paypal.com/v1/oauth2/token
[10-12-2018 05:21:44] PayPal\Core\PayPalHttpConnection: INFO	: Response Status 	: 200
[10-12-2018 05:21:44] PayPal\Core\PayPalHttpConnection: INFO	: GET https://api.sandbox.paypal.com/v1/payments/payment/PAY-5C178506KF504282GLQHJ6MA
[10-12-2018 05:21:45] PayPal\Core\PayPalHttpConnection: INFO	: Response Status 	: 200
[10-12-2018 05:21:45] PayPal\Core\PayPalHttpConnection: INFO	: POST https://api.sandbox.paypal.com/v1/payments/payment/PAY-5C178506KF504282GLQHJ6MA/execute
[10-12-2018 05:21:47] PayPal\Core\PayPalHttpConnection: INFO	: Response Status 	: 400
[10-12-2018 05:21:47] PayPal\Core\PayPalHttpConnection: ERROR	: Got Http response code 400 when accessing https://api.sandbox.paypal.com/v1/payments/payment/PAY-5C178506KF504282GLQHJ6MA/execute. {"name":"PAYMENT_ALREADY_DONE","message":"Payment has been done already for this cart.","information_link":"https://developer.paypal.com/docs/api/payments/#errors","debug_id":"2d0f3b4f4a741"}
[10-12-2018 06:13:50] PayPal\Core\PayPalHttpConnection: INFO	: POST https://api.sandbox.paypal.com/v1/oauth2/token
[10-12-2018 06:13:52] PayPal\Core\PayPalHttpConnection: INFO	: Response Status 	: 200
[10-12-2018 06:13:52] PayPal\Core\PayPalHttpConnection: INFO	: POST https://api.sandbox.paypal.com/v1/payments/payment
[10-12-2018 06:13:54] PayPal\Core\PayPalHttpConnection: INFO	: Response Status 	: 201
[10-12-2018 06:14:15] PayPal\Core\PayPalHttpConnection: INFO	: POST https://api.sandbox.paypal.com/v1/oauth2/token
[10-12-2018 06:14:17] PayPal\Core\PayPalHttpConnection: INFO	: Response Status 	: 200
[10-12-2018 06:14:17] PayPal\Core\PayPalHttpConnection: INFO	: GET https://api.sandbox.paypal.com/v1/payments/payment/PAY-0UX78363MC335400RLQHKZYY
[10-12-2018 06:14:19] PayPal\Core\PayPalHttpConnection: INFO	: Response Status 	: 200
[10-12-2018 06:14:19] PayPal\Core\PayPalHttpConnection: INFO	: POST https://api.sandbox.paypal.com/v1/payments/payment/PAY-0UX78363MC335400RLQHKZYY/execute
[10-12-2018 06:14:21] PayPal\Core\PayPalHttpConnection: INFO	: Response Status 	: 200
[12-12-2018 04:59:52] PayPal\Core\PayPalHttpConnection: INFO	: POST https://api.sandbox.paypal.com/v1/oauth2/token
[12-12-2018 04:59:53] PayPal\Core\PayPalHttpConnection: INFO	: POST https://api.sandbox.paypal.com/v1/oauth2/token
[12-12-2018 04:59:56] PayPal\Core\PayPalHttpConnection: INFO	: Response Status 	: 200
[12-12-2018 04:59:56] PayPal\Core\PayPalHttpConnection: INFO	: POST https://api.sandbox.paypal.com/v1/payments/payment
[12-12-2018 04:59:58] PayPal\Core\PayPalHttpConnection: INFO	: Response Status 	: 200
[12-12-2018 04:59:58] PayPal\Core\PayPalHttpConnection: INFO	: POST https://api.sandbox.paypal.com/v1/payments/payment
[12-12-2018 04:59:58] PayPal\Core\PayPalHttpConnection: INFO	: Response Status 	: 201
[12-12-2018 05:00:00] PayPal\Core\PayPalHttpConnection: INFO	: Response Status 	: 201
[12-12-2018 05:01:01] PayPal\Core\PayPalHttpConnection: INFO	: POST https://api.sandbox.paypal.com/v1/oauth2/token
[12-12-2018 05:01:03] PayPal\Core\PayPalHttpConnection: INFO	: Response Status 	: 200
[12-12-2018 05:01:03] PayPal\Core\PayPalHttpConnection: INFO	: GET https://api.sandbox.paypal.com/v1/payments/payment/PAY-1T835189XW4710216LQIT5EQ
[12-12-2018 05:01:04] PayPal\Core\PayPalHttpConnection: INFO	: Response Status 	: 200
[12-12-2018 05:01:05] PayPal\Core\PayPalHttpConnection: INFO	: POST https://api.sandbox.paypal.com/v1/payments/payment/PAY-1T835189XW4710216LQIT5EQ/execute
[12-12-2018 05:01:07] PayPal\Core\PayPalHttpConnection: INFO	: Response Status 	: 200
[13-12-2018 09:04:05] PayPal\Core\PayPalHttpConnection: INFO	: POST https://api.sandbox.paypal.com/v1/oauth2/token
[13-12-2018 09:04:07] PayPal\Core\PayPalHttpConnection: INFO	: Response Status 	: 200
[13-12-2018 09:04:07] PayPal\Core\PayPalHttpConnection: INFO	: POST https://api.sandbox.paypal.com/v1/payments/payment
[13-12-2018 09:04:12] PayPal\Core\PayPalHttpConnection: INFO	: Response Status 	: 201
[13-12-2018 09:05:33] PayPal\Core\PayPalHttpConnection: INFO	: POST https://api.sandbox.paypal.com/v1/oauth2/token
[13-12-2018 09:05:38] PayPal\Core\PayPalHttpConnection: INFO	: Response Status 	: 200
[13-12-2018 09:05:38] PayPal\Core\PayPalHttpConnection: INFO	: POST https://api.sandbox.paypal.com/v1/payments/payment
[13-12-2018 09:05:40] PayPal\Core\PayPalHttpConnection: INFO	: Response Status 	: 201
[13-12-2018 09:06:17] PayPal\Core\PayPalHttpConnection: INFO	: POST https://api.sandbox.paypal.com/v1/oauth2/token
[13-12-2018 09:06:19] PayPal\Core\PayPalHttpConnection: INFO	: Response Status 	: 200
[13-12-2018 09:06:19] PayPal\Core\PayPalHttpConnection: INFO	: GET https://api.sandbox.paypal.com/v1/payments/payment/PAY-48F0412586394912TLQJCBZQ
[13-12-2018 09:06:21] PayPal\Core\PayPalHttpConnection: INFO	: Response Status 	: 200
[13-12-2018 09:06:21] PayPal\Core\PayPalHttpConnection: INFO	: POST https://api.sandbox.paypal.com/v1/payments/payment/PAY-48F0412586394912TLQJCBZQ/execute
[13-12-2018 09:06:24] PayPal\Core\PayPalHttpConnection: INFO	: Response Status 	: 200
[13-12-2018 10:31:23] PayPal\Core\PayPalHttpConnection: INFO	: POST https://api.sandbox.paypal.com/v1/oauth2/token
[13-12-2018 10:31:25] PayPal\Core\PayPalHttpConnection: INFO	: Response Status 	: 200
[13-12-2018 10:31:25] PayPal\Core\PayPalHttpConnection: INFO	: POST https://api.sandbox.paypal.com/v1/payments/payment
[13-12-2018 10:31:27] PayPal\Core\PayPalHttpConnection: INFO	: Response Status 	: 201
[13-12-2018 10:31:49] PayPal\Core\PayPalHttpConnection: INFO	: POST https://api.sandbox.paypal.com/v1/oauth2/token
[13-12-2018 10:31:50] PayPal\Core\PayPalHttpConnection: INFO	: Response Status 	: 200
[13-12-2018 10:31:50] PayPal\Core\PayPalHttpConnection: INFO	: GET https://api.sandbox.paypal.com/v1/payments/payment/PAY-4P90063114393472BLQJDKAI
[13-12-2018 10:31:52] PayPal\Core\PayPalHttpConnection: INFO	: Response Status 	: 200
[13-12-2018 10:31:52] PayPal\Core\PayPalHttpConnection: INFO	: POST https://api.sandbox.paypal.com/v1/payments/payment/PAY-4P90063114393472BLQJDKAI/execute
[13-12-2018 10:31:54] PayPal\Core\PayPalHttpConnection: INFO	: Response Status 	: 200
[13-12-2018 12:37:14] PayPal\Core\PayPalHttpConnection: INFO	: POST https://api.sandbox.paypal.com/v1/oauth2/token
[13-12-2018 12:37:17] PayPal\Core\PayPalHttpConnection: INFO	: Response Status 	: 200
[13-12-2018 12:37:17] PayPal\Core\PayPalHttpConnection: INFO	: POST https://api.sandbox.paypal.com/v1/payments/payment
[13-12-2018 12:37:19] PayPal\Core\PayPalHttpConnection: INFO	: Response Status 	: 201
[13-12-2018 12:38:11] PayPal\Core\PayPalHttpConnection: INFO	: POST https://api.sandbox.paypal.com/v1/oauth2/token
[13-12-2018 12:38:13] PayPal\Core\PayPalHttpConnection: INFO	: Response Status 	: 200
[13-12-2018 12:38:13] PayPal\Core\PayPalHttpConnection: INFO	: GET https://api.sandbox.paypal.com/v1/payments/payment/PAY-5VA50465W13995017LQJFFAQ
[13-12-2018 12:38:15] PayPal\Core\PayPalHttpConnection: INFO	: Response Status 	: 200
[13-12-2018 12:38:15] PayPal\Core\PayPalHttpConnection: INFO	: POST https://api.sandbox.paypal.com/v1/payments/payment/PAY-5VA50465W13995017LQJFFAQ/execute
[13-12-2018 12:38:17] PayPal\Core\PayPalHttpConnection: INFO	: Response Status 	: 200
[13-12-2018 01:10:31] PayPal\Core\PayPalHttpConnection: INFO	: POST https://api.sandbox.paypal.com/v1/oauth2/token
[13-12-2018 01:10:37] PayPal\Core\PayPalHttpConnection: INFO	: Response Status 	: 200
[13-12-2018 01:10:37] PayPal\Core\PayPalHttpConnection: INFO	: POST https://api.sandbox.paypal.com/v1/payments/payment
[13-12-2018 01:10:39] PayPal\Core\PayPalHttpConnection: INFO	: Response Status 	: 201
[13-12-2018 01:11:59] PayPal\Core\PayPalHttpConnection: INFO	: POST https://api.sandbox.paypal.com/v1/oauth2/token
[13-12-2018 01:12:00] PayPal\Core\PayPalHttpConnection: INFO	: Response Status 	: 200
[13-12-2018 01:12:00] PayPal\Core\PayPalHttpConnection: INFO	: GET https://api.sandbox.paypal.com/v1/payments/payment/PAY-5F833961R4407510RLQJFUUI
[13-12-2018 01:12:01] PayPal\Core\PayPalHttpConnection: INFO	: Response Status 	: 200
[13-12-2018 01:12:01] PayPal\Core\PayPalHttpConnection: INFO	: POST https://api.sandbox.paypal.com/v1/payments/payment/PAY-5F833961R4407510RLQJFUUI/execute
[13-12-2018 01:12:04] PayPal\Core\PayPalHttpConnection: INFO	: Response Status 	: 200
[14-12-2018 02:10:28] PayPal\Core\PayPalHttpConnection: INFO	: POST https://api.sandbox.paypal.com/v1/oauth2/token
[14-12-2018 02:10:30] PayPal\Core\PayPalHttpConnection: INFO	: Response Status 	: 200
[14-12-2018 02:10:30] PayPal\Core\PayPalHttpConnection: INFO	: POST https://api.sandbox.paypal.com/v1/payments/payment
[14-12-2018 02:10:33] PayPal\Core\PayPalHttpConnection: INFO	: Response Status 	: 201
[14-12-2018 02:11:06] PayPal\Core\PayPalHttpConnection: INFO	: POST https://api.sandbox.paypal.com/v1/oauth2/token
[14-12-2018 02:11:08] PayPal\Core\PayPalHttpConnection: INFO	: Response Status 	: 200
[14-12-2018 02:11:08] PayPal\Core\PayPalHttpConnection: INFO	: GET https://api.sandbox.paypal.com/v1/payments/payment/PAY-8R514796F1005932TLQJ3TWI
[14-12-2018 02:11:10] PayPal\Core\PayPalHttpConnection: INFO	: Response Status 	: 200
[14-12-2018 02:11:10] PayPal\Core\PayPalHttpConnection: INFO	: POST https://api.sandbox.paypal.com/v1/payments/payment/PAY-8R514796F1005932TLQJ3TWI/execute
[14-12-2018 02:11:13] PayPal\Core\PayPalHttpConnection: INFO	: Response Status 	: 200
[14-12-2018 06:42:04] PayPal\Core\PayPalHttpConnection: INFO	: POST https://api.sandbox.paypal.com/v1/oauth2/token
[14-12-2018 06:42:06] PayPal\Core\PayPalHttpConnection: INFO	: Response Status 	: 200
[14-12-2018 06:42:06] PayPal\Core\PayPalHttpConnection: INFO	: POST https://api.sandbox.paypal.com/v1/payments/payment
[14-12-2018 06:42:08] PayPal\Core\PayPalHttpConnection: INFO	: Response Status 	: 201
[14-12-2018 06:47:53] PayPal\Core\PayPalHttpConnection: INFO	: POST https://api.sandbox.paypal.com/v1/oauth2/token
[14-12-2018 06:47:55] PayPal\Core\PayPalHttpConnection: INFO	: Response Status 	: 200
[14-12-2018 06:47:55] PayPal\Core\PayPalHttpConnection: INFO	: GET https://api.sandbox.paypal.com/v1/payments/payment/PAY-83D65490W4944313WLQJ7TAI
[14-12-2018 06:47:57] PayPal\Core\PayPalHttpConnection: INFO	: Response Status 	: 200
[14-12-2018 06:47:57] PayPal\Core\PayPalHttpConnection: INFO	: POST https://api.sandbox.paypal.com/v1/payments/payment/PAY-83D65490W4944313WLQJ7TAI/execute
[14-12-2018 06:48:00] PayPal\Core\PayPalHttpConnection: INFO	: Response Status 	: 200
[14-12-2018 07:21:28] PayPal\Core\PayPalHttpConnection: INFO	: POST https://api.sandbox.paypal.com/v1/oauth2/token
[15-12-2018 01:08:25] PayPal\Core\PayPalHttpConnection: INFO	: POST https://api.sandbox.paypal.com/v1/oauth2/token
[15-12-2018 01:08:28] PayPal\Core\PayPalHttpConnection: INFO	: Response Status 	: 200
[15-12-2018 01:08:28] PayPal\Core\PayPalHttpConnection: INFO	: POST https://api.sandbox.paypal.com/v1/payments/payment
[15-12-2018 01:08:30] PayPal\Core\PayPalHttpConnection: INFO	: Response Status 	: 201
[15-12-2018 01:09:19] PayPal\Core\PayPalHttpConnection: INFO	: POST https://api.sandbox.paypal.com/v1/oauth2/token
[15-12-2018 01:09:21] PayPal\Core\PayPalHttpConnection: INFO	: Response Status 	: 200
[15-12-2018 01:09:21] PayPal\Core\PayPalHttpConnection: INFO	: GET https://api.sandbox.paypal.com/v1/payments/payment/PAY-2YA546896G917212TLQKFIDY
[15-12-2018 01:09:22] PayPal\Core\PayPalHttpConnection: INFO	: Response Status 	: 200
[15-12-2018 01:09:23] PayPal\Core\PayPalHttpConnection: INFO	: POST https://api.sandbox.paypal.com/v1/payments/payment/PAY-2YA546896G917212TLQKFIDY/execute
[15-12-2018 01:09:26] PayPal\Core\PayPalHttpConnection: INFO	: Response Status 	: 200
